<?xml version="1.0" encoding="UTF-8"?>
<!-- Generated by org.testng.reporters.JUnitXMLReporter -->
<testsuite ignored="1" hostname="DESKTOP-DSUGBTM" failures="0" tests="2" name="Test" time="0.219" errors="0" timestamp="2022-08-12T10:36:57 IST">
  <testcase classname="practice2.Demo" name="createContatc" time="0.026"/>
  <testcase classname="practice2.Sample" name="modifyContact" time="0.01"/>
  <testcase classname="practice2.Sample" name="deleteContact" time="0.0">
    <ignored/>
  </testcase> <!-- deleteContact -->
</testsuite> <!-- Test -->
